# JRE version: OpenJDK Runtime Environment Temurin-21.0.6+7 (21.0.6+7) (build 21.0.6+7-LTS)
# Java VM: OpenJDK 64-Bit Server VM Temurin-21.0.6+7 (21.0.6+7-LTS, mixed mode, sharing, tiered, compressed oops, compressed class ptrs, g1 gc, windows-amd64)
GC Precious Log:
 CardTable entry size: 512
 Card Set container configuration: InlinePtr #cards 5 size 8 Array Of Cards #cards 12 size 40 Howl #buckets 4 coarsen threshold 1843 Howl Bitmap #cards 512 size 80 coarsen threshold 460 Card regions per heap region 1 cards per card region 2048
 CPUs: 8 total, 8 available
 Memory: 7937M
 Large Page Support: Disabled
 NUMA Support: Disabled
 Compressed Oops: Enabled (32-bit)
 Heap Region Size: 1M
 Heap Min Capacity: 8M
 Heap Initial Capacity: 126M
 Heap Max Capacity: 1986M
 Pre-touch: Disabled
 Parallel Workers: 8
 Concurrent Workers: 2
 Concurrent Refinement Workers: 8
 Periodic GC: Disabled
Heap:
 garbage-first heap   total 102400K, used 55999K [0x0000000083e00000, 0x0000000100000000)
  region size 1024K, 5 young (5120K), 1 survivors (1024K)
 Metaspace       used 95403K, committed 96448K, reserved 1179648K
  class space    used 12489K, committed 12992K, reserved 1048576K
GC Heap History (20 events):
Event: 12.088 GC heap before
{Heap before GC invocations=19 (full 0):
 garbage-first heap   total 84992K, used 74582K [0x0000000083e00000, 0x0000000100000000)
  region size 1024K, 38 young (38912K), 4 survivors (4096K)
 Metaspace       used 72471K, committed 73152K, reserved 1114112K
  class space    used 9719K, committed 10048K, reserved 1048576K
}
Event: 12.096 GC heap after
{Heap after GC invocations=20 (full 0):
 garbage-first heap   total 84992K, used 42839K [0x0000000083e00000, 0x0000000100000000)
  region size 1024K, 5 young (5120K), 5 survivors (5120K)
 Metaspace       used 72471K, committed 73152K, reserved 1114112K
  class space    used 9719K, committed 10048K, reserved 1048576K
}
Event: 12.800 GC heap before
{Heap before GC invocations=20 (full 0):
 garbage-first heap   total 84992K, used 73559K [0x0000000083e00000, 0x0000000100000000)
  region size 1024K, 35 young (35840K), 5 survivors (5120K)
 Metaspace       used 74166K, committed 74944K, reserved 1114112K
  class space    used 9957K, committed 10304K, reserved 1048576K
}
Event: 12.809 GC heap after
{Heap after GC invocations=21 (full 0):
 garbage-first heap   total 84992K, used 44399K [0x0000000083e00000, 0x0000000100000000)
  region size 1024K, 3 young (3072K), 3 survivors (3072K)
 Metaspace       used 74166K, committed 74944K, reserved 1114112K
  class space    used 9957K, committed 10304K, reserved 1048576K
}
Event: 13.354 GC heap before
{Heap before GC invocations=21 (full 0):
 garbage-first heap   total 84992K, used 76143K [0x0000000083e00000, 0x0000000100000000)
  region size 1024K, 34 young (34816K), 3 survivors (3072K)
 Metaspace       used 75665K, committed 76544K, reserved 1179648K
  class space    used 10203K, committed 10624K, reserved 1048576K
}
Event: 13.362 GC heap after
{Heap after GC invocations=22 (full 0):
 garbage-first heap   total 84992K, used 46214K [0x0000000083e00000, 0x0000000100000000)
  region size 1024K, 5 young (5120K), 5 survivors (5120K)
 Metaspace       used 75665K, committed 76544K, reserved 1179648K
  class space    used 10203K, committed 10624K, reserved 1048576K
}
Event: 13.791 GC heap before
{Heap before GC invocations=23 (full 0):
 garbage-first heap   total 84992K, used 73862K [0x0000000083e00000, 0x0000000100000000)
  region size 1024K, 32 young (32768K), 5 survivors (5120K)
 Metaspace       used 77044K, committed 77952K, reserved 1179648K
  class space    used 10425K, committed 10816K, reserved 1048576K
}
Event: 13.798 GC heap after
{Heap after GC invocations=24 (full 0):
 garbage-first heap   total 84992K, used 48102K [0x0000000083e00000, 0x0000000100000000)
  region size 1024K, 4 young (4096K), 4 survivors (4096K)
 Metaspace       used 77044K, committed 77952K, reserved 1179648K
  class space    used 10425K, committed 10816K, reserved 1048576K
}
Event: 14.477 GC heap before
{Heap before GC invocations=24 (full 0):
 garbage-first heap   total 84992K, used 75750K [0x0000000083e00000, 0x0000000100000000)
  region size 1024K, 31 young (31744K), 4 survivors (4096K)
 Metaspace       used 83029K, committed 84032K, reserved 1179648K
  class space    used 11254K, committed 11712K, reserved 1048576K
}
Event: 14.486 GC heap after
{Heap after GC invocations=25 (full 0):
 garbage-first heap   total 84992K, used 50660K [0x0000000083e00000, 0x0000000100000000)
  region size 1024K, 3 young (3072K), 3 survivors (3072K)
 Metaspace       used 83029K, committed 84032K, reserved 1179648K
  class space    used 11254K, committed 11712K, reserved 1048576K
}
Event: 15.260 GC heap before
{Heap before GC invocations=25 (full 0):
 garbage-first heap   total 84992K, used 75236K [0x0000000083e00000, 0x0000000100000000)
  region size 1024K, 28 young (28672K), 3 survivors (3072K)
 Metaspace       used 89375K, committed 90304K, reserved 1179648K
  class space    used 11785K, committed 12224K, reserved 1048576K
}
Event: 15.266 GC heap after
{Heap after GC invocations=26 (full 0):
 garbage-first heap   total 102400K, used 52406K [0x0000000083e00000, 0x0000000100000000)
  region size 1024K, 2 young (2048K), 2 survivors (2048K)
 Metaspace       used 89375K, committed 90304K, reserved 1179648K
  class space    used 11785K, committed 12224K, reserved 1048576K
}
Event: 193.269 GC heap before
{Heap before GC invocations=27 (full 0):
 garbage-first heap   total 102400K, used 92342K [0x0000000083e00000, 0x0000000100000000)
  region size 1024K, 42 young (43008K), 2 survivors (2048K)
 Metaspace       used 93189K, committed 94208K, reserved 1179648K
  class space    used 12277K, committed 12736K, reserved 1048576K
}
Event: 193.336 GC heap after
{Heap after GC invocations=28 (full 0):
 garbage-first heap   total 102400K, used 53665K [0x0000000083e00000, 0x0000000100000000)
  region size 1024K, 4 young (4096K), 4 survivors (4096K)
 Metaspace       used 93189K, committed 94208K, reserved 1179648K
  class space    used 12277K, committed 12736K, reserved 1048576K
}
Event: 538.723 GC heap before
{Heap before GC invocations=28 (full 0):
 garbage-first heap   total 102400K, used 91553K [0x0000000083e00000, 0x0000000100000000)
  region size 1024K, 41 young (41984K), 4 survivors (4096K)
 Metaspace       used 93390K, committed 94400K, reserved 1179648K
  class space    used 12277K, committed 12736K, reserved 1048576K
}
Event: 538.825 GC heap after
{Heap after GC invocations=29 (full 0):
 garbage-first heap   total 102400K, used 52389K [0x0000000083e00000, 0x0000000100000000)
  region size 1024K, 4 young (4096K), 4 survivors (4096K)
 Metaspace       used 93390K, committed 94400K, reserved 1179648K
  class space    used 12277K, committed 12736K, reserved 1048576K
}
Event: 918.635 GC heap before
{Heap before GC invocations=29 (full 0):
 garbage-first heap   total 102400K, used 92325K [0x0000000083e00000, 0x0000000100000000)
  region size 1024K, 43 young (44032K), 4 survivors (4096K)
 Metaspace       used 93528K, committed 94528K, reserved 1179648K
  class space    used 12283K, committed 12736K, reserved 1048576K
}
Event: 920.267 GC heap after
{Heap after GC invocations=30 (full 0):
 garbage-first heap   total 102400K, used 52546K [0x0000000083e00000, 0x0000000100000000)
  region size 1024K, 4 young (4096K), 4 survivors (4096K)
 Metaspace       used 93528K, committed 94528K, reserved 1179648K
  class space    used 12283K, committed 12736K, reserved 1048576K
}
Event: 927.912 GC heap before
{Heap before GC invocations=31 (full 0):
 garbage-first heap   total 102400K, used 53570K [0x0000000083e00000, 0x0000000100000000)
  region size 1024K, 5 young (5120K), 4 survivors (4096K)
 Metaspace       used 93531K, committed 94528K, reserved 1179648K
  class space    used 12283K, committed 12736K, reserved 1048576K
}
Event: 927.928 GC heap after
{Heap after GC invocations=32 (full 0):
 garbage-first heap   total 102400K, used 52927K [0x0000000083e00000, 0x0000000100000000)
  region size 1024K, 1 young (1024K), 1 survivors (1024K)
 Metaspace       used 93531K, committed 94528K, reserved 1179648K
  class space    used 12283K, committed 12736K, reserved 1048576K
}

