# JRE version: OpenJDK Runtime Environment Temurin-21.0.6+7 (21.0.6+7) (build 21.0.6+7-LTS)
# Java VM: OpenJDK 64-Bit Server VM Temurin-21.0.6+7 (21.0.6+7-LTS, mixed mode, sharing, tiered, compressed oops, compressed class ptrs, g1 gc, windows-amd64)
GC Precious Log:
 CardTable entry size: 512
 Card Set container configuration: InlinePtr #cards 5 size 8 Array Of Cards #cards 12 size 40 Howl #buckets 4 coarsen threshold 1843 Howl Bitmap #cards 512 size 80 coarsen threshold 460 Card regions per heap region 1 cards per card region 2048
 CPUs: 8 total, 8 available
 Memory: 7937M
 Large Page Support: Disabled
 NUMA Support: Disabled
 Compressed Oops: Enabled (32-bit)
 Heap Region Size: 1M
 Heap Min Capacity: 8M
 Heap Initial Capacity: 126M
 Heap Max Capacity: 1986M
 Pre-touch: Disabled
 Parallel Workers: 8
 Concurrent Workers: 2
 Concurrent Refinement Workers: 8
 Periodic GC: Disabled
Heap:
 garbage-first heap   total 103424K, used 87629K [0x0000000083e00000, 0x0000000100000000)
  region size 1024K, 34 young (34816K), 3 survivors (3072K)
 Metaspace       used 98879K, committed 99904K, reserved 1179648K
  class space    used 13223K, committed 13696K, reserved 1048576K
GC Heap History (20 events):
Event: 8.805 GC heap before
{Heap before GC invocations=14 (full 0):
 garbage-first heap   total 86016K, used 75967K [0x0000000083e00000, 0x0000000100000000)
  region size 1024K, 43 young (44032K), 3 survivors (3072K)
 Metaspace       used 68824K, committed 69568K, reserved 1114112K
  class space    used 9191K, committed 9536K, reserved 1048576K
}
Event: 8.811 GC heap after
{Heap after GC invocations=15 (full 0):
 garbage-first heap   total 86016K, used 37796K [0x0000000083e00000, 0x0000000100000000)
  region size 1024K, 6 young (6144K), 6 survivors (6144K)
 Metaspace       used 68824K, committed 69568K, reserved 1114112K
  class space    used 9191K, committed 9536K, reserved 1048576K
}
Event: 9.654 GC heap before
{Heap before GC invocations=15 (full 0):
 garbage-first heap   total 86016K, used 73636K [0x0000000083e00000, 0x0000000100000000)
  region size 1024K, 41 young (41984K), 6 survivors (6144K)
 Metaspace       used 72347K, committed 73088K, reserved 1114112K
  class space    used 9777K, committed 10112K, reserved 1048576K
}
Event: 9.662 GC heap after
{Heap after GC invocations=16 (full 0):
 garbage-first heap   total 86016K, used 39829K [0x0000000083e00000, 0x0000000100000000)
  region size 1024K, 6 young (6144K), 6 survivors (6144K)
 Metaspace       used 72347K, committed 73088K, reserved 1114112K
  class space    used 9777K, committed 10112K, reserved 1048576K
}
Event: 10.210 GC heap before
{Heap before GC invocations=16 (full 0):
 garbage-first heap   total 86016K, used 72597K [0x0000000083e00000, 0x0000000100000000)
  region size 1024K, 39 young (39936K), 6 survivors (6144K)
 Metaspace       used 73994K, committed 74688K, reserved 1114112K
  class space    used 10123K, committed 10432K, reserved 1048576K
}
Event: 10.216 GC heap after
{Heap after GC invocations=17 (full 0):
 garbage-first heap   total 86016K, used 42385K [0x0000000083e00000, 0x0000000100000000)
  region size 1024K, 5 young (5120K), 5 survivors (5120K)
 Metaspace       used 73994K, committed 74688K, reserved 1114112K
  class space    used 10123K, committed 10432K, reserved 1048576K
}
Event: 10.644 GC heap before
{Heap before GC invocations=17 (full 0):
 garbage-first heap   total 86016K, used 74129K [0x0000000083e00000, 0x0000000100000000)
  region size 1024K, 37 young (37888K), 5 survivors (5120K)
 Metaspace       used 75926K, committed 76608K, reserved 1179648K
  class space    used 10386K, committed 10688K, reserved 1048576K
}
Event: 10.648 GC heap after
{Heap after GC invocations=18 (full 0):
 garbage-first heap   total 86016K, used 42686K [0x0000000083e00000, 0x0000000100000000)
  region size 1024K, 2 young (2048K), 2 survivors (2048K)
 Metaspace       used 75926K, committed 76608K, reserved 1179648K
  class space    used 10386K, committed 10688K, reserved 1048576K
}
Event: 11.512 GC heap before
{Heap before GC invocations=19 (full 0):
 garbage-first heap   total 86016K, used 77502K [0x0000000083e00000, 0x0000000100000000)
  region size 1024K, 36 young (36864K), 2 survivors (2048K)
 Metaspace       used 78006K, committed 78720K, reserved 1179648K
  class space    used 10686K, committed 11008K, reserved 1048576K
}
Event: 11.517 GC heap after
{Heap after GC invocations=20 (full 0):
 garbage-first heap   total 86016K, used 45774K [0x0000000083e00000, 0x0000000100000000)
  region size 1024K, 5 young (5120K), 5 survivors (5120K)
 Metaspace       used 78006K, committed 78720K, reserved 1179648K
  class space    used 10686K, committed 11008K, reserved 1048576K
}
Event: 12.181 GC heap before
{Heap before GC invocations=20 (full 0):
 garbage-first heap   total 86016K, used 74446K [0x0000000083e00000, 0x0000000100000000)
  region size 1024K, 33 young (33792K), 5 survivors (5120K)
 Metaspace       used 79778K, committed 80576K, reserved 1179648K
  class space    used 10928K, committed 11264K, reserved 1048576K
}
Event: 12.188 GC heap after
{Heap after GC invocations=21 (full 0):
 garbage-first heap   total 86016K, used 47458K [0x0000000083e00000, 0x0000000100000000)
  region size 1024K, 3 young (3072K), 3 survivors (3072K)
 Metaspace       used 79778K, committed 80576K, reserved 1179648K
  class space    used 10928K, committed 11264K, reserved 1048576K
}
Event: 12.592 GC heap before
{Heap before GC invocations=21 (full 0):
 garbage-first heap   total 86016K, used 77154K [0x0000000083e00000, 0x0000000100000000)
  region size 1024K, 32 young (32768K), 3 survivors (3072K)
 Metaspace       used 80961K, committed 81856K, reserved 1179648K
  class space    used 11125K, committed 11520K, reserved 1048576K
}
Event: 12.596 GC heap after
{Heap after GC invocations=22 (full 0):
 garbage-first heap   total 86016K, used 49595K [0x0000000083e00000, 0x0000000100000000)
  region size 1024K, 3 young (3072K), 3 survivors (3072K)
 Metaspace       used 80961K, committed 81856K, reserved 1179648K
  class space    used 11125K, committed 11520K, reserved 1048576K
}
Event: 12.981 GC heap before
{Heap before GC invocations=23 (full 0):
 garbage-first heap   total 86016K, used 76219K [0x0000000083e00000, 0x0000000100000000)
  region size 1024K, 29 young (29696K), 3 survivors (3072K)
 Metaspace       used 82622K, committed 83456K, reserved 1179648K
  class space    used 11392K, committed 11776K, reserved 1048576K
}
Event: 12.987 GC heap after
{Heap after GC invocations=24 (full 0):
 garbage-first heap   total 103424K, used 51635K [0x0000000083e00000, 0x0000000100000000)
  region size 1024K, 4 young (4096K), 4 survivors (4096K)
 Metaspace       used 82622K, committed 83456K, reserved 1179648K
  class space    used 11392K, committed 11776K, reserved 1048576K
}
Event: 13.862 GC heap before
{Heap before GC invocations=24 (full 0):
 garbage-first heap   total 103424K, used 91571K [0x0000000083e00000, 0x0000000100000000)
  region size 1024K, 44 young (45056K), 4 survivors (4096K)
 Metaspace       used 91049K, committed 91968K, reserved 1179648K
  class space    used 12496K, committed 12928K, reserved 1048576K
}
Event: 13.871 GC heap after
{Heap after GC invocations=25 (full 0):
 garbage-first heap   total 103424K, used 54544K [0x0000000083e00000, 0x0000000100000000)
  region size 1024K, 6 young (6144K), 6 survivors (6144K)
 Metaspace       used 91049K, committed 91968K, reserved 1179648K
  class space    used 12496K, committed 12928K, reserved 1048576K
}
Event: 73.945 GC heap before
{Heap before GC invocations=25 (full 0):
 garbage-first heap   total 103424K, used 89360K [0x0000000083e00000, 0x0000000100000000)
  region size 1024K, 41 young (41984K), 6 survivors (6144K)
 Metaspace       used 98510K, committed 99520K, reserved 1179648K
  class space    used 13222K, committed 13696K, reserved 1048576K
}
Event: 73.997 GC heap after
{Heap after GC invocations=26 (full 0):
 garbage-first heap   total 103424K, used 56909K [0x0000000083e00000, 0x0000000100000000)
  region size 1024K, 3 young (3072K), 3 survivors (3072K)
 Metaspace       used 98510K, committed 99520K, reserved 1179648K
  class space    used 13222K, committed 13696K, reserved 1048576K
}

