# JRE version: OpenJDK Runtime Environment Temurin-21.0.6+7 (21.0.6+7) (build 21.0.6+7-LTS)
# Java VM: OpenJDK 64-Bit Server VM Temurin-21.0.6+7 (21.0.6+7-LTS, mixed mode, sharing, tiered, compressed oops, compressed class ptrs, g1 gc, windows-amd64)
GC Precious Log:
 CardTable entry size: 512
 Card Set container configuration: InlinePtr #cards 5 size 8 Array Of Cards #cards 12 size 40 Howl #buckets 4 coarsen threshold 1843 Howl Bitmap #cards 512 size 80 coarsen threshold 460 Card regions per heap region 1 cards per card region 2048
 CPUs: 8 total, 8 available
 Memory: 7937M
 Large Page Support: Disabled
 NUMA Support: Disabled
 Compressed Oops: Enabled (32-bit)
 Heap Region Size: 1M
 Heap Min Capacity: 8M
 Heap Initial Capacity: 126M
 Heap Max Capacity: 1986M
 Pre-touch: Disabled
 Parallel Workers: 8
 Concurrent Workers: 2
 Concurrent Refinement Workers: 8
 Periodic GC: Disabled
Heap:
 garbage-first heap   total 104448K, used 77591K [0x0000000083e00000, 0x0000000100000000)
  region size 1024K, 28 young (28672K), 4 survivors (4096K)
 Metaspace       used 98450K, committed 99392K, reserved 1179648K
  class space    used 13222K, committed 13632K, reserved 1048576K
GC Heap History (20 events):
Event: 11.904 GC heap before
{Heap before GC invocations=20 (full 0):
 garbage-first heap   total 70656K, used 63012K [0x0000000083e00000, 0x0000000100000000)
  region size 1024K, 25 young (25600K), 2 survivors (2048K)
 Metaspace       used 73761K, committed 74432K, reserved 1114112K
  class space    used 10123K, committed 10432K, reserved 1048576K
}
Event: 11.907 GC heap after
{Heap after GC invocations=21 (full 0):
 garbage-first heap   total 70656K, used 42052K [0x0000000083e00000, 0x0000000100000000)
  region size 1024K, 4 young (4096K), 4 survivors (4096K)
 Metaspace       used 73761K, committed 74432K, reserved 1114112K
  class space    used 10123K, committed 10432K, reserved 1048576K
}
Event: 11.958 GC heap before
{Heap before GC invocations=21 (full 0):
 garbage-first heap   total 70656K, used 61508K [0x0000000083e00000, 0x0000000100000000)
  region size 1024K, 23 young (23552K), 4 survivors (4096K)
 Metaspace       used 73768K, committed 74496K, reserved 1114112K
  class space    used 10123K, committed 10432K, reserved 1048576K
}
Event: 11.964 GC heap after
{Heap after GC invocations=22 (full 0):
 garbage-first heap   total 70656K, used 42483K [0x0000000083e00000, 0x0000000100000000)
  region size 1024K, 2 young (2048K), 2 survivors (2048K)
 Metaspace       used 73768K, committed 74496K, reserved 1114112K
  class space    used 10123K, committed 10432K, reserved 1048576K
}
Event: 12.226 GC heap before
{Heap before GC invocations=22 (full 0):
 garbage-first heap   total 70656K, used 62963K [0x0000000083e00000, 0x0000000100000000)
  region size 1024K, 23 young (23552K), 2 survivors (2048K)
 Metaspace       used 75656K, committed 76288K, reserved 1179648K
  class space    used 10381K, committed 10688K, reserved 1048576K
}
Event: 12.228 GC heap after
{Heap after GC invocations=23 (full 0):
 garbage-first heap   total 70656K, used 42593K [0x0000000083e00000, 0x0000000100000000)
  region size 1024K, 2 young (2048K), 2 survivors (2048K)
 Metaspace       used 75656K, committed 76288K, reserved 1179648K
  class space    used 10381K, committed 10688K, reserved 1048576K
}
Event: 12.578 GC heap before
{Heap before GC invocations=24 (full 0):
 garbage-first heap   total 71680K, used 64097K [0x0000000083e00000, 0x0000000100000000)
  region size 1024K, 23 young (23552K), 2 survivors (2048K)
 Metaspace       used 76687K, committed 77376K, reserved 1179648K
  class space    used 10521K, committed 10816K, reserved 1048576K
}
Event: 12.582 GC heap after
{Heap after GC invocations=25 (full 0):
 garbage-first heap   total 71680K, used 43967K [0x0000000083e00000, 0x0000000100000000)
  region size 1024K, 3 young (3072K), 3 survivors (3072K)
 Metaspace       used 76687K, committed 77376K, reserved 1179648K
  class space    used 10521K, committed 10816K, reserved 1048576K
}
Event: 13.014 GC heap before
{Heap before GC invocations=25 (full 0):
 garbage-first heap   total 71680K, used 64447K [0x0000000083e00000, 0x0000000100000000)
  region size 1024K, 23 young (23552K), 3 survivors (3072K)
 Metaspace       used 78293K, committed 79040K, reserved 1179648K
  class space    used 10728K, committed 11072K, reserved 1048576K
}
Event: 13.020 GC heap after
{Heap after GC invocations=26 (full 0):
 garbage-first heap   total 86016K, used 45387K [0x0000000083e00000, 0x0000000100000000)
  region size 1024K, 3 young (3072K), 3 survivors (3072K)
 Metaspace       used 78293K, committed 79040K, reserved 1179648K
  class space    used 10728K, committed 11072K, reserved 1048576K
}
Event: 13.623 GC heap before
{Heap before GC invocations=26 (full 0):
 garbage-first heap   total 86016K, used 77131K [0x0000000083e00000, 0x0000000100000000)
  region size 1024K, 34 young (34816K), 3 survivors (3072K)
 Metaspace       used 79895K, committed 80640K, reserved 1179648K
  class space    used 10946K, committed 11264K, reserved 1048576K
}
Event: 13.629 GC heap after
{Heap after GC invocations=27 (full 0):
 garbage-first heap   total 86016K, used 48108K [0x0000000083e00000, 0x0000000100000000)
  region size 1024K, 5 young (5120K), 5 survivors (5120K)
 Metaspace       used 79895K, committed 80640K, reserved 1179648K
  class space    used 10946K, committed 11264K, reserved 1048576K
}
Event: 14.183 GC heap before
{Heap before GC invocations=27 (full 0):
 garbage-first heap   total 86016K, used 74732K [0x0000000083e00000, 0x0000000100000000)
  region size 1024K, 31 young (31744K), 5 survivors (5120K)
 Metaspace       used 81295K, committed 82112K, reserved 1179648K
  class space    used 11179K, committed 11584K, reserved 1048576K
}
Event: 14.190 GC heap after
{Heap after GC invocations=28 (full 0):
 garbage-first heap   total 86016K, used 50111K [0x0000000083e00000, 0x0000000100000000)
  region size 1024K, 3 young (3072K), 3 survivors (3072K)
 Metaspace       used 81295K, committed 82112K, reserved 1179648K
  class space    used 11179K, committed 11584K, reserved 1048576K
}
Event: 14.589 GC heap before
{Heap before GC invocations=28 (full 0):
 garbage-first heap   total 86016K, used 76735K [0x0000000083e00000, 0x0000000100000000)
  region size 1024K, 29 young (29696K), 3 survivors (3072K)
 Metaspace       used 82702K, committed 83520K, reserved 1179648K
  class space    used 11402K, committed 11776K, reserved 1048576K
}
Event: 14.593 GC heap after
{Heap after GC invocations=29 (full 0):
 garbage-first heap   total 86016K, used 51981K [0x0000000083e00000, 0x0000000100000000)
  region size 1024K, 4 young (4096K), 4 survivors (4096K)
 Metaspace       used 82702K, committed 83520K, reserved 1179648K
  class space    used 11402K, committed 11776K, reserved 1048576K
}
Event: 15.244 GC heap before
{Heap before GC invocations=30 (full 0):
 garbage-first heap   total 87040K, used 75533K [0x0000000083e00000, 0x0000000100000000)
  region size 1024K, 28 young (28672K), 4 survivors (4096K)
 Metaspace       used 88236K, committed 89216K, reserved 1179648K
  class space    used 12177K, committed 12672K, reserved 1048576K
}
Event: 15.250 GC heap after
{Heap after GC invocations=31 (full 0):
 garbage-first heap   total 87040K, used 53967K [0x0000000083e00000, 0x0000000100000000)
  region size 1024K, 3 young (3072K), 3 survivors (3072K)
 Metaspace       used 88236K, committed 89216K, reserved 1179648K
  class space    used 12177K, committed 12672K, reserved 1048576K
}
Event: 15.915 GC heap before
{Heap before GC invocations=31 (full 0):
 garbage-first heap   total 87040K, used 76495K [0x0000000083e00000, 0x0000000100000000)
  region size 1024K, 26 young (26624K), 3 survivors (3072K)
 Metaspace       used 93388K, committed 94336K, reserved 1179648K
  class space    used 12667K, committed 13120K, reserved 1048576K
}
Event: 15.922 GC heap after
{Heap after GC invocations=32 (full 0):
 garbage-first heap   total 104448K, used 55063K [0x0000000083e00000, 0x0000000100000000)
  region size 1024K, 4 young (4096K), 4 survivors (4096K)
 Metaspace       used 93388K, committed 94336K, reserved 1179648K
  class space    used 12667K, committed 13120K, reserved 1048576K
}

