<?xml version="1.0" encoding="UTF-8"?>
<testsuite xmlns:xsi="http://www.w3.org/2001/XMLSchema-instance" xsi:noNamespaceSchemaLocation="https://maven.apache.org/surefire/maven-surefire-plugin/xsd/surefire-test-report-3.0.xsd" version="3.0" name="com.wallet.user.controller.UserControllerTest" time="5.176" tests="3" errors="0" skipped="0" failures="0">
  <properties>
[...]
</properties>
  <testcase name="getKycStatus_Success" classname="com.wallet.user.controller.UserControllerTest" time="0.321">
    <system-out><![CDATA[12:15:37.915 [main] INFO org.springframework.test.context.support.AnnotationConfigContextLoaderUtils -- Could not detect default configuration classes for test class [com.wallet.user.controller.UserControllerTest]: UserControllerTest does not declare any static, non-private, non-final, nested classes annotated with @Configuration.
12:15:38.345 [main] INFO org.springframework.boot.test.context.SpringBootTestContextBootstrapper -- Found @SpringBootConfiguration com.wallet.user.UserServiceApplication for test class com.wallet.user.controller.UserControllerTest

  .   ____          _            __ _ _
 /\\ / ___'_ __ _ _(_)_ __  __ _ \ \ \ \
( ( )\___ | '_ | '_| | '_ \/ _` | \ \ \ \
 \\/  ___)| |_)| | | | | || (_| |  ) ) ) )
  '  |____| .__|_| |_|_| |_\__, | / / / /
 =========|_|==============|___/=/_/_/_/
 :: Spring Boot ::                (v3.2.3)

2026-03-26T12:15:39.014+05:30  INFO 3088 --- [user-service] [           main] c.w.user.controller.UserControllerTest   : Starting UserControllerTest using Java 25.0.2 with PID 3088 (started by Driti Sai in D:\Digital-Wallet-System\user-service)
2026-03-26T12:15:39.015+05:30  INFO 3088 --- [user-service] [           main] c.w.user.controller.UserControllerTest   : No active profile set, falling back to 1 default profile: "default"
2026-03-26T12:15:42.154+05:30  WARN 3088 --- [user-service] [           main] .s.s.UserDetailsServiceAutoConfiguration : 

Using generated security password: 1886693f-956e-4099-b059-5aa29e1b651e

This generated password is for development use only. Your security configuration must be updated before running your application in production.

2026-03-26T12:15:42.327+05:30  INFO 3088 --- [user-service] [           main] o.s.s.web.DefaultSecurityFilterChain     : Will secure any request with [org.springframework.security.web.session.DisableEncodeUrlFilter@d1f23a0, org.springframework.security.web.context.request.async.WebAsyncManagerIntegrationFilter@2976ca51, org.springframework.security.web.context.SecurityContextHolderFilter@32ba5c65, org.springframework.security.web.header.HeaderWriterFilter@43fd77d8, org.springframework.web.filter.CorsFilter@6b091a92, org.springframework.security.web.csrf.CsrfFilter@11cadb32, org.springframework.security.web.authentication.logout.LogoutFilter@144e36ae, org.springframework.security.web.authentication.UsernamePasswordAuthenticationFilter@59f3426f, org.springframework.security.web.authentication.ui.DefaultLoginPageGeneratingFilter@22ff1372, org.springframework.security.web.authentication.ui.DefaultLogoutPageGeneratingFilter@6996bbc4, org.springframework.security.web.authentication.www.BasicAuthenticationFilter@30228de7, org.springframework.security.web.savedrequest.RequestCacheAwareFilter@47797401, org.springframework.security.web.servletapi.SecurityContextHolderAwareRequestFilter@702f4124, org.springframework.security.web.authentication.AnonymousAuthenticationFilter@1de08775, org.springframework.security.web.access.ExceptionTranslationFilter@5432dca2, org.springframework.security.web.access.intercept.AuthorizationFilter@f810c18]
2026-03-26T12:15:42.405+05:30  INFO 3088 --- [user-service] [           main] o.s.b.t.m.w.SpringBootMockServletContext : Initializing Spring TestDispatcherServlet ''
2026-03-26T12:15:42.406+05:30  INFO 3088 --- [user-service] [           main] o.s.t.web.servlet.TestDispatcherServlet  : Initializing Servlet ''
2026-03-26T12:15:42.407+05:30  INFO 3088 --- [user-service] [           main] o.s.t.web.servlet.TestDispatcherServlet  : Completed initialization in 1 ms
2026-03-26T12:15:42.436+05:30  INFO 3088 --- [user-service] [           main] c.w.user.controller.UserControllerTest   : Started UserControllerTest in 3.996 seconds (process running for 5.415)
]]></system-out>
    <system-err><![CDATA[WARNING: A Java agent has been loaded dynamically (C:\Users\Driti Sai\.m2\repository\net\bytebuddy\byte-buddy-agent\1.14.12\byte-buddy-agent-1.14.12.jar)
WARNING: If a serviceability tool is in use, please run with -XX:+EnableDynamicAgentLoading to hide this warning
WARNING: If a serviceability tool is not in use, please run with -Djdk.instrument.traceUsage for more information
WARNING: Dynamic loading of agents will be disallowed by default in a future release
]]></system-err>
  </testcase>
  <testcase name="submitKyc_Success" classname="com.wallet.user.controller.UserControllerTest" time="0.062"/>
  <testcase name="submitKyc_ValidationError" classname="com.wallet.user.controller.UserControllerTest" time="0.018"/>
</testsuite>